1588018184647	mozrunner::runner	INFO	Running command: "C:\\Program Files (x86)\\Mozilla Firefox\\\\firefox.exe" "-marionette" "-foreground" "-no-remote" "-profile" "C:\\Users\\Junqing\\AppData\\Local\\Temp\\rust_mozprofileLy4FsE"
1588018186174	addons.webextension.doh-rollout@mozilla.org	WARN	Loading extension 'doh-rollout@mozilla.org': Reading manifest: Invalid extension permission: networkStatus
1588018187422	addons.webextension.screenshots@mozilla.org	WARN	Loading extension 'screenshots@mozilla.org': Reading manifest: Invalid extension permission: mozillaAddons
1588018187422	addons.webextension.screenshots@mozilla.org	WARN	Loading extension 'screenshots@mozilla.org': Reading manifest: Invalid extension permission: telemetry
1588018187422	addons.webextension.screenshots@mozilla.org	WARN	Loading extension 'screenshots@mozilla.org': Reading manifest: Invalid extension permission: resource://pdf.js/
1588018187422	addons.webextension.screenshots@mozilla.org	WARN	Loading extension 'screenshots@mozilla.org': Reading manifest: Invalid extension permission: about:reader*
JavaScript error: resource://gre/modules/XULStore.jsm, line 66: Error: Can't find profile directory.
1588018194072	Marionette	INFO	Listening on port 50358
1588018194878	Marionette	WARN	TLS certificate errors will be ignored for this session
JavaScript warning: https://confiant-integrations.global.ssl.fastly.net/gpt/202001101133/wrap.js, line 8: unreachable code after return statement
JavaScript warning: https://confiant-integrations.global.ssl.fastly.net/gpt/202001101133/wrap.js, line 8: unreachable code after return statement
JavaScript warning: https://confiant-integrations.global.ssl.fastly.net/gpt/202001101133/wrap.js, line 8: unreachable code after return statement
JavaScript warning: https://confiant-integrations.global.ssl.fastly.net/gpt/202001101133/wrap.js, line 8: unreachable code after return statement
JavaScript warning: https://confiant-integrations.global.ssl.fastly.net/gpt/202001101133/wrap.js, line 8: unreachable code after return statement
JavaScript warning: https://confiant-integrations.global.ssl.fastly.net/gpt/202001101133/wrap.js, line 8: unreachable code after return statement
JavaScript warning: https://confiant-integrations.global.ssl.fastly.net/gpt/202001101133/wrap.js, line 8: unreachable code after return statement
JavaScript warning: https://confiant-integrations.global.ssl.fastly.net/gpt/202001101133/wrap.js, line 8: unreachable code after return statement
JavaScript warning: https://confiant-integrations.global.ssl.fastly.net/gpt/202001101133/wrap.js, line 8: unreachable code after return statement
JavaScript warning: https://confiant-integrations.global.ssl.fastly.net/gpt/202001101133/wrap.js, line 8: unreachable code after return statement
JavaScript warning: https://confiant-integrations.global.ssl.fastly.net/gpt/202001101133/wrap.js, line 8: unreachable code after return statement
JavaScript warning: https://confiant-integrations.global.ssl.fastly.net/gpt/202001101133/wrap.js, line 8: unreachable code after return statement
JavaScript warning: https://confiant-integrations.global.ssl.fastly.net/gpt/202001101133/wrap.js, line 8: unreachable code after return statement
JavaScript warning: https://confiant-integrations.global.ssl.fastly.net/gpt/202001101133/wrap.js, line 8: unreachable code after return statement
JavaScript error: https://cdn-ssl.vidible.tv/prod/ad-client/js/10.2.39/0.js, line 661: NS_ERROR_NOT_INITIALIZED: 
1588025362882	Marionette	INFO	Stopped listening on port 50358

###!!! [Child][RunMessage] Error: Channel closing: too late to send/recv, messages will be lost


###!!! [Child][MessageChannel::SendAndWait] Error: Channel error: cannot send/recv

ebextension.doh-rollout@mozilla.org	WARN	Loading extension 'doh-rollout@mozilla.org': Reading manifest: Invalid extension permission: networkStatus
1588018494232	addons.webextension.screenshots@mozilla.org	WARN	Loading extension 'screenshots@mozilla.org': Reading manifest: Invalid extension permission: mozillaAddons
1588018494232	addons.webextension.screenshots@mozilla.org	WARN	Loading extension 'screenshots@mozilla.org': Reading manifest: Invalid extension permission: telemetry
1588018494232	addons.webextension.screenshots@mozilla.org	WARN	Loading extension 'screenshots@mozilla.org': Reading manifest: Invalid extension permission: resource://pdf.js/
1588018494232	addons.webextension.screenshots@mozilla.org	WARN	Loading extension 'screenshots@mozilla.org': Reading manifest: Invalid extension permission: about:reader*
JavaScript error: resource://gre/modules/XULStore.jsm, line 66: Error: Can't find profile directory.
1588018496977	Marionette	INFO	Listening on port 50772
1588018497191	Marionette	WARN	TLS certificate errors will be ignored for this session
JavaScript warning: https://confiant-integrations.global.ssl.fastly.net/gpt/202001101133/wrap.js, line 8: unreachable code after return statement
JavaScript warning: https://confiant-integrations.global.ssl.fastly.net/gpt/202001101133/wrap.js, line 8: unreachable code after return statement
JavaScript warning: https://confiant-integrations.global.ssl.fastly.net/gpt/202001101133/wrap.js, line 8: unreachable code after return statement
JavaScript warning: https://confiant-integrations.global.ssl.fastly.net/gpt/202001101133/wrap.js, line 8: unreachable code after return statement
JavaScript warning: https://confiant-integrations.global.ssl.fastly.net/gpt/202001101133/wrap.js, line 8: unreachable code after return statement
JavaScript warning: https://confiant-integrations.global.ssl.fastly.net/gpt/202001101133/wrap.js, line 8: unreachable code after return statement
JavaScript warning: https://confiant-integrations.global.ssl.fastly.net/gpt/202001101133/wrap.js, line 8: unreachable code after return statement
JavaScript warning: https://confiant-integrations.global.ssl.fastly.net/gpt/202001101133/wrap.js, line 8: unreachable code after return statement
JavaScript warning: https://confiant-integrations.global.ssl.fastly.net/gpt/202001101133/wrap.js, line 8: unreachable code after return statement
JavaScript warning: https://confiant-integrations.global.ssl.fastly.net/gpt/202001101133/wrap.js, line 8: unreachable code after return statement
JavaScript warning: https://confiant-integrations.global.ssl.fastly.net/gpt/202001101133/wrap.js, line 8: unreachable code after return statement
JavaScript warning: https://confiant-integrations.global.ssl.fastly.net/gpt/202001101133/wrap.js, line 8: unreachable code after return statement
JavaScript warning: https://confiant-integrations.global.ssl.fastly.net/gpt/202001101133/wrap.js, line 8: unreachable code after return statement
JavaScript warning: https://confiant-integrations.global.ssl.fastly.net/gpt/202001101133/wrap.js, line 8: unreachable code after return statement
JavaScript error: https://vidstat.taboola.com/vpaid/vPlayer/player/v11.1.8/OvaMediaPlayer.js, line 28: SecurityError: The operation is insecure.
JavaScript error: https://tpc.googlesyndication.com/safeframe/1-0-37/html/container.html line 45 > scriptElement, line 4: SecurityError: Permission denied to access property "cmTag" on cross-origin object
JavaScript error: https://eus.rubiconproject.com/usync.html?&geo=na&co=us, line 12: SecurityError: The operation is insecure.
1588025365268	Marionette	INFO	Stopped listening on port 50772

###!!! [Child][RunMessage] Error: Channel closing: too late to send/recv, messages will be lost


###!!! [Child][MessageChannel::SendAndWait] Error: Channel error: cannot send/recv

ebextension.doh-rollout@mozilla.org	WARN	Loading extension 'doh-rollout@mozilla.org': Reading manifest: Invalid extension permission: networkStatus
1588018625220	addons.webextension.screenshots@mozilla.org	WARN	Loading extension 'screenshots@mozilla.org': Reading manifest: Invalid extension permission: mozillaAddons
1588018625220	addons.webextension.screenshots@mozilla.org	WARN	Loading extension 'screenshots@mozilla.org': Reading manifest: Invalid extension permission: telemetry
1588018625220	addons.webextension.screenshots@mozilla.org	WARN	Loading extension 'screenshots@mozilla.org': Reading manifest: Invalid extension permission: resource://pdf.js/
1588018625220	addons.webextension.screenshots@mozilla.org	WARN	Loading extension 'screenshots@mozilla.org': Reading manifest: Invalid extension permission: about:reader*
JavaScript error: resource://gre/modules/XULStore.jsm, line 66: Error: Can't find profile directory.
1588018628980	Marionette	INFO	Listening on port 51101
1588018630537	Marionette	WARN	TLS certificate errors will be ignored for this session
JavaScript warning: https://confiant-integrations.global.ssl.fastly.net/gpt/202001101133/wrap.js, line 8: unreachable code after return statement
JavaScript warning: https://confiant-integrations.global.ssl.fastly.net/gpt/202001101133/wrap.js, line 8: unreachable code after return statement
JavaScript warning: https://confiant-integrations.global.ssl.fastly.net/gpt/202001101133/wrap.js, line 8: unreachable code after return statement
JavaScript warning: https://confiant-integrations.global.ssl.fastly.net/gpt/202001101133/wrap.js, line 8: unreachable code after return statement
JavaScript warning: https://confiant-integrations.global.ssl.fastly.net/gpt/202001101133/wrap.js, line 8: unreachable code after return statement
JavaScript warning: https://confiant-integrations.global.ssl.fastly.net/gpt/202001101133/wrap.js, line 8: unreachable code after return statement
JavaScript warning: https://confiant-integrations.global.ssl.fastly.net/gpt/202001101133/wrap.js, line 8: unreachable code after return statement
JavaScript warning: https://confiant-integrations.global.ssl.fastly.net/gpt/202001101133/wrap.js, line 8: unreachable code after return statement
JavaScript warning: https://confiant-integrations.global.ssl.fastly.net/gpt/202001101133/wrap.js, line 8: unreachable code after return statement
JavaScript warning: https://confiant-integrations.global.ssl.fastly.net/gpt/202001101133/wrap.js, line 8: unreachable code after return statement
JavaScript warning: https://confiant-integrations.global.ssl.fastly.net/gpt/202001101133/wrap.js, line 8: unreachable code after return statement
JavaScript warning: https://confiant-integrations.global.ssl.fastly.net/gpt/202001101133/wrap.js, line 8: unreachable code after return statement
JavaScript warning: https://confiant-integrations.global.ssl.fastly.net/gpt/202001101133/wrap.js, line 8: unreachable code after return statement
JavaScript warning: https://confiant-integrations.global.ssl.fastly.net/gpt/202001101133/wrap.js, line 8: unreachable code after return statement
JavaScript error: https://vidstat.taboola.com/vpaid/vPlayer/player/v11.1.8/OvaMediaPlayer.js, line 28: SecurityError: The operation is insecure.
JavaScript error: https://tpc.googlesyndication.com/safeframe/1-0-37/html/container.html line 45 > scriptElement, line 4: SecurityError: Permission denied to access property "cmTag" on cross-origin object
JavaScript error: https://vidstat.taboola.com/vpaid/units/23_2_8/infra/cmTagEXPANDABLE.js, line 2: NS_ERROR_UNEXPECTED: 
JavaScript error: https://vidstat.taboola.com/vpaid/units/23_2_8/infra/cmTagEXPANDABLE.js, line 2: NS_ERROR_UNEXPECTED: 
JavaScript error: https://eus.rubiconproject.com/usync.html?&geo=na&co=us, line 12: SecurityError: The operation is insecure.
[Child 27480, Chrome_ChildThread] WARNING: pipe error: 232: file Z:/task_1585933993/build/src/ipc/chromium/src/chrome/common/ipc_channel_win.cc, line 514
1588025366458	Marionette	INFO	Stopped listening on port 51101

###!!! [Child][RunMessage] Error: Channel closing: too late to send/recv, messages will be lost


###!!! [Child][MessageChannel::SendAndWait] Error: Channel error: cannot send/recv

8729296	addons.webextension.screenshots@mozilla.org	WARN	Loading extension 'screenshots@mozilla.org': Reading manifest: Invalid extension permission: mozillaAddons
1588018729296	addons.webextension.screenshots@mozilla.org	WARN	Loading extension 'screenshots@mozilla.org': Reading manifest: Invalid extension permission: telemetry
1588018729296	addons.webextension.screenshots@mozilla.org	WARN	Loading extension 'screenshots@mozilla.org': Reading manifest: Invalid extension permission: resource://pdf.js/
1588018729296	addons.webextension.screenshots@mozilla.org	WARN	Loading extension 'screenshots@mozilla.org': Reading manifest: Invalid extension permission: about:reader*
JavaScript error: resource://gre/modules/XULStore.jsm, line 66: Error: Can't find profile directory.
1588018732735	Marionette	INFO	Listening on port 51495
1588018733229	Marionette	WARN	TLS certificate errors will be ignored for this session
JavaScript warning: https://confiant-integrations.global.ssl.fastly.net/gpt/202001101133/wrap.js, line 8: unreachable code after return statement
JavaScript warning: https://confiant-integrations.global.ssl.fastly.net/gpt/202001101133/wrap.js, line 8: unreachable code after return statement
JavaScript warning: https://confiant-integrations.global.ssl.fastly.net/gpt/202001101133/wrap.js, line 8: unreachable code after return statement
JavaScript warning: https://confiant-integrations.global.ssl.fastly.net/gpt/202001101133/wrap.js, line 8: unreachable code after return statement
JavaScript warning: https://confiant-integrations.global.ssl.fastly.net/gpt/202001101133/wrap.js, line 8: unreachable code after return statement
JavaScript warning: https://confiant-integrations.global.ssl.fastly.net/gpt/202001101133/wrap.js, line 8: unreachable code after return statement
JavaScript warning: https://confiant-integrations.global.ssl.fastly.net/gpt/202001101133/wrap.js, line 8: unreachable code after return statement
JavaScript warning: https://confiant-integrations.global.ssl.fastly.net/gpt/202001101133/wrap.js, line 8: unreachable code after return statement
JavaScript warning: https://confiant-integrations.global.ssl.fastly.net/gpt/202001101133/wrap.js, line 8: unreachable code after return statement
JavaScript warning: https://confiant-integrations.global.ssl.fastly.net/gpt/202001101133/wrap.js, line 8: unreachable code after return statement
JavaScript warning: https://confiant-integrations.global.ssl.fastly.net/gpt/202001101133/wrap.js, line 8: unreachable code after return statement
JavaScript warning: https://confiant-integrations.global.ssl.fastly.net/gpt/202001101133/wrap.js, line 8: unreachable code after return statement
JavaScript warning: https://confiant-integrations.global.ssl.fastly.net/gpt/202001101133/wrap.js, line 8: unreachable code after return statement
JavaScript warning: https://confiant-integrations.global.ssl.fastly.net/gpt/202001101133/wrap.js, line 8: unreachable code after return statement
JavaScript error: https://vidstat.taboola.com/vpaid/vPlayer/player/v11.1.8/OvaMediaPlayer.js, line 28: SecurityError: The operation is insecure.
JavaScript error: https://tpc.googlesyndication.com/safeframe/1-0-37/html/container.html line 45 > scriptElement, line 4: SecurityError: Permission denied to access property "cmTag" on cross-origin object
JavaScript error: https://eus.rubiconproject.com/usync.html?&geo=na&co=us, line 12: SecurityError: The operation is insecure.
1588025367254	Marionette	INFO	Stopped listening on port 51495

###!!! [Child][RunMessage] Error: Channel closing: too late to send/recv, messages will be lost


###!!! [Child][MessageChannel::SendAndWait] Error: Channel error: cannot send/recv

ebextension.doh-rollout@mozilla.org	WARN	Loading extension 'doh-rollout@mozilla.org': Reading manifest: Invalid extension permission: networkStatus
1588018840856	addons.webextension.screenshots@mozilla.org	WARN	Loading extension 'screenshots@mozilla.org': Reading manifest: Invalid extension permission: mozillaAddons
1588018840856	addons.webextension.screenshots@mozilla.org	WARN	Loading extension 'screenshots@mozilla.org': Reading manifest: Invalid extension permission: telemetry
1588018840856	addons.webextension.screenshots@mozilla.org	WARN	Loading extension 'screenshots@mozilla.org': Reading manifest: Invalid extension permission: resource://pdf.js/
1588018840856	addons.webextension.screenshots@mozilla.org	WARN	Loading extension 'screenshots@mozilla.org': Reading manifest: Invalid extension permission: about:reader*
JavaScript error: resource://gre/modules/XULStore.jsm, line 66: Error: Can't find profile directory.
1588018844410	Marionette	INFO	Listening on port 51897
1588018844792	Marionette	WARN	TLS certificate errors will be ignored for this session
JavaScript warning: https://confiant-integrations.global.ssl.fastly.net/gpt/202001101133/wrap.js, line 8: unreachable code after return statement
JavaScript warning: https://confiant-integrations.global.ssl.fastly.net/gpt/202001101133/wrap.js, line 8: unreachable code after return statement
JavaScript warning: https://confiant-integrations.global.ssl.fastly.net/gpt/202001101133/wrap.js, line 8: unreachable code after return statement
JavaScript warning: https://confiant-integrations.global.ssl.fastly.net/gpt/202001101133/wrap.js, line 8: unreachable code after return statement
JavaScript warning: https://confiant-integrations.global.ssl.fastly.net/gpt/202001101133/wrap.js, line 8: unreachable code after return statement
JavaScript warning: https://confiant-integrations.global.ssl.fastly.net/gpt/202001101133/wrap.js, line 8: unreachable code after return statement
JavaScript warning: https://confiant-integrations.global.ssl.fastly.net/gpt/202001101133/wrap.js, line 8: unreachable code after return statement
JavaScript warning: https://confiant-integrations.global.ssl.fastly.net/gpt/202001101133/wrap.js, line 8: unreachable code after return statement
JavaScript warning: https://confiant-integrations.global.ssl.fastly.net/gpt/202001101133/wrap.js, line 8: unreachable code after return statement
JavaScript warning: https://confiant-integrations.global.ssl.fastly.net/gpt/202001101133/wrap.js, line 8: unreachable code after return statement
JavaScript warning: https://confiant-integrations.global.ssl.fastly.net/gpt/202001101133/wrap.js, line 8: unreachable code after return statement
JavaScript warning: https://confiant-integrations.global.ssl.fastly.net/gpt/202001101133/wrap.js, line 8: unreachable code after return statement
JavaScript warning: https://confiant-integrations.global.ssl.fastly.net/gpt/202001101133/wrap.js, line 8: unreachable code after return statement
JavaScript warning: https://confiant-integrations.global.ssl.fastly.net/gpt/202001101133/wrap.js, line 8: unreachable code after return statement
JavaScript error: https://tpc.googlesyndication.com/safeframe/1-0-37/html/container.html line 45 > scriptElement, line 4: SecurityError: Permission denied to access property "cmTag" on cross-origin object
JavaScript error: https://vidstat.taboola.com/vpaid/vPlayer/player/v11.1.8/OvaMediaPlayer.js, line 28: SecurityError: The operation is insecure.
JavaScript error: https://eus.rubiconproject.com/usync.html?&geo=na&co=us, line 12: SecurityError: The operation is insecure.
1588025367326	Marionette	INFO	Stopped listening on port 51897

###!!! [Child][RunMessage] Error: Channel closing: too late to send/recv, messages will be lost


###!!! [Child][MessageChannel::SendAndWait] Error: Channel error: cannot send/recv

ebextension.doh-rollout@mozilla.org	WARN	Loading extension 'doh-rollout@mozilla.org': Reading manifest: Invalid extension permission: networkStatus
1588024761061	addons.webextension.screenshots@mozilla.org	WARN	Loading extension 'screenshots@mozilla.org': Reading manifest: Invalid extension permission: mozillaAddons
1588024761061	addons.webextension.screenshots@mozilla.org	WARN	Loading extension 'screenshots@mozilla.org': Reading manifest: Invalid extension permission: telemetry
1588024761061	addons.webextension.screenshots@mozilla.org	WARN	Loading extension 'screenshots@mozilla.org': Reading manifest: Invalid extension permission: resource://pdf.js/
1588024761061	addons.webextension.screenshots@mozilla.org	WARN	Loading extension 'screenshots@mozilla.org': Reading manifest: Invalid extension permission: about:reader*
JavaScript error: resource://gre/modules/XULStore.jsm, line 66: Error: Can't find profile directory.
1588024763816	Marionette	INFO	Listening on port 52858
1588024764275	Marionette	WARN	TLS certificate errors will be ignored for this session
JavaScript warning: https://confiant-integrations.global.ssl.fastly.net/gpt/202001101133/wrap.js, line 8: unreachable code after return statement
JavaScript warning: https://confiant-integrations.global.ssl.fastly.net/gpt/202001101133/wrap.js, line 8: unreachable code after return statement
JavaScript warning: https://confiant-integrations.global.ssl.fastly.net/gpt/202001101133/wrap.js, line 8: unreachable code after return statement
JavaScript warning: https://confiant-integrations.global.ssl.fastly.net/gpt/202001101133/wrap.js, line 8: unreachable code after return statement
JavaScript warning: https://confiant-integrations.global.ssl.fastly.net/gpt/202001101133/wrap.js, line 8: unreachable code after return statement
JavaScript warning: https://confiant-integrations.global.ssl.fastly.net/gpt/202001101133/wrap.js, line 8: unreachable code after return statement
JavaScript warning: https://confiant-integrations.global.ssl.fastly.net/gpt/202001101133/wrap.js, line 8: unreachable code after return statement
JavaScript warning: https://confiant-integrations.global.ssl.fastly.net/gpt/202001101133/wrap.js, line 8: unreachable code after return statement
JavaScript warning: https://confiant-integrations.global.ssl.fastly.net/gpt/202001101133/wrap.js, line 8: unreachable code after return statement
JavaScript warning: https://confiant-integrations.global.ssl.fastly.net/gpt/202001101133/wrap.js, line 8: unreachable code after return statement
JavaScript warning: https://confiant-integrations.global.ssl.fastly.net/gpt/202001101133/wrap.js, line 8: unreachable code after return statement
JavaScript warning: https://confiant-integrations.global.ssl.fastly.net/gpt/202001101133/wrap.js, line 8: unreachable code after return statement
JavaScript warning: https://confiant-integrations.global.ssl.fastly.net/gpt/202001101133/wrap.js, line 8: unreachable code after return statement
JavaScript warning: https://confiant-integrations.global.ssl.fastly.net/gpt/202001101133/wrap.js, line 8: unreachable code after return statement
1588025414927	Marionette	INFO	Stopped listening on port 52858

###!!! [Child][RunMessage] Error: Channel closing: too late to send/recv, messages will be lost


###!!! [Child][MessageChannel::SendAndWait] Error: Channel error: cannot send/recv

ebextension.doh-rollout@mozilla.org	WARN	Loading extension 'doh-rollout@mozilla.org': Reading manifest: Invalid extension permission: networkStatus
1588024840815	addons.webextension.screenshots@mozilla.org	WARN	Loading extension 'screenshots@mozilla.org': Reading manifest: Invalid extension permission: mozillaAddons
1588024840815	addons.webextension.screenshots@mozilla.org	WARN	Loading extension 'screenshots@mozilla.org': Reading manifest: Invalid extension permission: telemetry
1588024840815	addons.webextension.screenshots@mozilla.org	WARN	Loading extension 'screenshots@mozilla.org': Reading manifest: Invalid extension permission: resource://pdf.js/
1588024840815	addons.webextension.screenshots@mozilla.org	WARN	Loading extension 'screenshots@mozilla.org': Reading manifest: Invalid extension permission: about:reader*
JavaScript error: resource://gre/modules/XULStore.jsm, line 66: Error: Can't find profile directory.
1588024843472	Marionette	INFO	Listening on port 53193
1588024843818	Marionette	WARN	TLS certificate errors will be ignored for this session
JavaScript warning: https://confiant-integrations.global.ssl.fastly.net/gpt/202001101133/wrap.js, line 8: unreachable code after return statement
JavaScript warning: https://confiant-integrations.global.ssl.fastly.net/gpt/202001101133/wrap.js, line 8: unreachable code after return statement
JavaScript warning: https://confiant-integrations.global.ssl.fastly.net/gpt/202001101133/wrap.js, line 8: unreachable code after return statement
JavaScript warning: https://confiant-integrations.global.ssl.fastly.net/gpt/202001101133/wrap.js, line 8: unreachable code after return statement
JavaScript warning: https://confiant-integrations.global.ssl.fastly.net/gpt/202001101133/wrap.js, line 8: unreachable code after return statement
JavaScript warning: https://confiant-integrations.global.ssl.fastly.net/gpt/202001101133/wrap.js, line 8: unreachable code after return statement
JavaScript warning: https://confiant-integrations.global.ssl.fastly.net/gpt/202001101133/wrap.js, line 8: unreachable code after return statement
JavaScript warning: https://confiant-integrations.global.ssl.fastly.net/gpt/202001101133/wrap.js, line 8: unreachable code after return statement
JavaScript warning: https://confiant-integrations.global.ssl.fastly.net/gpt/202001101133/wrap.js, line 8: unreachable code after return statement
JavaScript warning: https://confiant-integrations.global.ssl.fastly.net/gpt/202001101133/wrap.js, line 8: unreachable code after return statement
JavaScript warning: https://confiant-integrations.global.ssl.fastly.net/gpt/202001101133/wrap.js, line 8: unreachable code after return statement
JavaScript warning: https://confiant-integrations.global.ssl.fastly.net/gpt/202001101133/wrap.js, line 8: unreachable code after return statement
JavaScript warning: https://confiant-integrations.global.ssl.fastly.net/gpt/202001101133/wrap.js, line 8: unreachable code after return statement
JavaScript warning: https://confiant-integrations.global.ssl.fastly.net/gpt/202001101133/wrap.js, line 8: unreachable code after return statement
1588024861496	Marionette	INFO	Stopped listening on port 53193

###!!! [Child][RunMessage] Error: Channel closing: too late to send/recv, messages will be lost


###!!! [Child][MessageChannel::SendAndWait] Error: Channel error: cannot send/recv

1588024907324	mozrunner::runner	INFO	Running command: "C:\\Program Files (x86)\\Mozilla Firefox\\\\firefox.exe" "-marionette" "-foreground" "-no-remote" "-profile" "C:\\Users\\Junqing\\AppData\\Local\\Temp\\rust_mozprofilePwGDeh"
1588024907857	addons.webextension.doh-rollout@mozilla.org	WARN	Loading extension 'doh-rollout@mozilla.org': Reading manifest: Invalid extension permission: networkStatus
1588024909294	addons.webextension.screenshots@mozilla.org	WARN	Loading extension 'screenshots@mozilla.org': Reading manifest: Invalid extension permission: mozillaAddons
1588024909294	addons.webextension.screenshots@mozilla.org	WARN	Loading extension 'screenshots@mozilla.org': Reading manifest: Invalid extension permission: telemetry
1588024909294	addons.webextension.screenshots@mozilla.org	WARN	Loading extension 'screenshots@mozilla.org': Reading manifest: Invalid extension permission: resource://pdf.js/
1588024909294	addons.webextension.screenshots@mozilla.org	WARN	Loading extension 'screenshots@mozilla.org': Reading manifest: Invalid extension permission: about:reader*
JavaScript error: resource://gre/modules/XULStore.jsm, line 66: Error: Can't find profile directory.
1588024911957	Marionette	INFO	Listening on port 53475
1588024912086	Marionette	WARN	TLS certificate errors will be ignored for this session
JavaScript warning: https://confiant-integrations.global.ssl.fastly.net/gpt/202001101133/wrap.js, line 8: unreachable code after return statement
JavaScript warning: https://confiant-integrations.global.ssl.fastly.net/gpt/202001101133/wrap.js, line 8: unreachable code after return statement
JavaScript warning: https://confiant-integrations.global.ssl.fastly.net/gpt/202001101133/wrap.js, line 8: unreachable code after return statement
JavaScript warning: https://confiant-integrations.global.ssl.fastly.net/gpt/202001101133/wrap.js, line 8: unreachable code after return statement
JavaScript warning: https://confiant-integrations.global.ssl.fastly.net/gpt/202001101133/wrap.js, line 8: unreachable code after return statement
JavaScript warning: https://confiant-integrations.global.ssl.fastly.net/gpt/202001101133/wrap.js, line 8: unreachable code after return statement
JavaScript warning: https://confiant-integrations.global.ssl.fastly.net/gpt/202001101133/wrap.js, line 8: unreachable code after return statement
JavaScript warning: https://confiant-integrations.global.ssl.fastly.net/gpt/202001101133/wrap.js, line 8: unreachable code after return statement
JavaScript warning: https://confiant-integrations.global.ssl.fastly.net/gpt/202001101133/wrap.js, line 8: unreachable code after return statement
JavaScript warning: https://confiant-integrations.global.ssl.fastly.net/gpt/202001101133/wrap.js, line 8: unreachable code after return statement
JavaScript warning: https://confiant-integrations.global.ssl.fastly.net/gpt/202001101133/wrap.js, line 8: unreachable code after return statement
JavaScript warning: https://confiant-integrations.global.ssl.fastly.net/gpt/202001101133/wrap.js, line 8: unreachable code after return statement
JavaScript warning: https://confiant-integrations.global.ssl.fastly.net/gpt/202001101133/wrap.js, line 8: unreachable code after return statement
JavaScript warning: https://confiant-integrations.global.ssl.fastly.net/gpt/202001101133/wrap.js, line 8: unreachable code after return statement
1588024930915	Marionette	INFO	Stopped listening on port 53475

###!!! [Child][RunMessage] Error: Channel closing: too late to send/recv, messages will be lost


###!!! [Child][MessageChannel::SendAndWait] Error: Channel error: cannot send/recv

1588037407412	mozrunner::runner	INFO	Running command: "C:\\Program Files (x86)\\Mozilla Firefox\\\\firefox.exe" "-marionette" "-foreground" "-no-remote" "-profile" "C:\\Users\\Junqing\\AppData\\Local\\Temp\\rust_mozprofilebepCJ4"
1588037408151	addons.webextension.doh-rollout@mozilla.org	WARN	Loading extension 'doh-rollout@mozilla.org': Reading manifest: Invalid extension permission: networkStatus
1588037409531	addons.webextension.screenshots@mozilla.org	WARN	Loading extension 'screenshots@mozilla.org': Reading manifest: Invalid extension permission: mozillaAddons
1588037409531	addons.webextension.screenshots@mozilla.org	WARN	Loading extension 'screenshots@mozilla.org': Reading manifest: Invalid extension permission: telemetry
1588037409531	addons.webextension.screenshots@mozilla.org	WARN	Loading extension 'screenshots@mozilla.org': Reading manifest: Invalid extension permission: resource://pdf.js/
1588037409531	addons.webextension.screenshots@mozilla.org	WARN	Loading extension 'screenshots@mozilla.org': Reading manifest: Invalid extension permission: about:reader*
JavaScript error: resource://gre/modules/XULStore.jsm, line 66: Error: Can't find profile directory.
1588037412351	Marionette	INFO	Listening on port 56580
1588037412633	Marionette	WARN	TLS certificate errors will be ignored for this session
JavaScript warning: https://confiant-integrations.global.ssl.fastly.net/gpt/202001101133/wrap.js, line 8: unreachable code after return statement
JavaScript warning: https://confiant-integrations.global.ssl.fastly.net/gpt/202001101133/wrap.js, line 8: unreachable code after return statement
JavaScript warning: https://confiant-integrations.global.ssl.fastly.net/gpt/202001101133/wrap.js, line 8: unreachable code after return statement
JavaScript warning: https://confiant-integrations.global.ssl.fastly.net/gpt/202001101133/wrap.js, line 8: unreachable code after return statement
JavaScript warning: https://confiant-integrations.global.ssl.fastly.net/gpt/202001101133/wrap.js, line 8: unreachable code after return statement
JavaScript warning: https://confiant-integrations.global.ssl.fastly.net/gpt/202001101133/wrap.js, line 8: unreachable code after return statement
JavaScript warning: https://confiant-integrations.global.ssl.fastly.net/gpt/202001101133/wrap.js, line 8: unreachable code after return statement
JavaScript warning: https://confiant-integrations.global.ssl.fastly.net/gpt/202001101133/wrap.js, line 8: unreachable code after return statement
JavaScript warning: https://confiant-integrations.global.ssl.fastly.net/gpt/202001101133/wrap.js, line 8: unreachable code after return statement
JavaScript warning: https://confiant-integrations.global.ssl.fastly.net/gpt/202001101133/wrap.js, line 8: unreachable code after return statement
JavaScript warning: https://confiant-integrations.global.ssl.fastly.net/gpt/202001101133/wrap.js, line 8: unreachable code after return statement
JavaScript warning: https://confiant-integrations.global.ssl.fastly.net/gpt/202001101133/wrap.js, line 8: unreachable code after return statement
JavaScript warning: https://confiant-integrations.global.ssl.fastly.net/gpt/202001101133/wrap.js, line 8: unreachable code after return statement
JavaScript warning: https://confiant-integrations.global.ssl.fastly.net/gpt/202001101133/wrap.js, line 8: unreachable code after return statement
JavaScript error: https://vidstat.taboola.com/vpaid/vPlayer/player/v11.1.8/OvaMediaPlayer.js, line 28: SecurityError: The operation is insecure.
JavaScript error: https://tpc.googlesyndication.com/safeframe/1-0-37/html/container.html line 45 > scriptElement, line 4: SecurityError: Permission denied to access property "cmTag" on cross-origin object
JavaScript error: https://vidstat.taboola.com/vpaid/vPlayer/player/v11.1.8/OvaMediaPlayer.js, line 28: SecurityError: The operation is insecure.
JavaScript error: https://tpc.googlesyndication.com/safeframe/1-0-37/html/container.html line 45 > scriptElement, line 4: SecurityError: Permission denied to access property "cmTag" on cross-origin object
JavaScript error: https://eus.rubiconproject.com/usync.html?&geo=na&co=us, line 12: SecurityError: The operation is insecure.
JavaScript error: https://eus.rubiconproject.com/usync.html?&geo=na&co=us, line 12: SecurityError: The operation is insecure.
1588037547419	Marionette	INFO	Stopped listening on port 56580

###!!! [Child][RunMessage] Error: Channel closing: too late to send/recv, messages will be lost


###!!! [Child][MessageChannel::SendAndWait] Error: Channel error: cannot send/recv

ebextension.doh-rollout@mozilla.org	WARN	Loading extension 'doh-rollout@mozilla.org': Reading manifest: Invalid extension permission: networkStatus
1588037534590	addons.webextension.screenshots@mozilla.org	WARN	Loading extension 'screenshots@mozilla.org': Reading manifest: Invalid extension permission: mozillaAddons
1588037534590	addons.webextension.screenshots@mozilla.org	WARN	Loading extension 'screenshots@mozilla.org': Reading manifest: Invalid extension permission: telemetry
1588037534590	addons.webextension.screenshots@mozilla.org	WARN	Loading extension 'screenshots@mozilla.org': Reading manifest: Invalid extension permission: resource://pdf.js/
1588037534590	addons.webextension.screenshots@mozilla.org	WARN	Loading extension 'screenshots@mozilla.org': Reading manifest: Invalid extension permission: about:reader*
JavaScript error: resource://gre/modules/XULStore.jsm, line 66: Error: Can't find profile directory.
1588037537847	Marionette	INFO	Listening on port 56918
1588037538253	Marionette	WARN	TLS certificate errors will be ignored for this session
JavaScript warning: https://confiant-integrations.global.ssl.fastly.net/gpt/202001101133/wrap.js, line 8: unreachable code after return statement
JavaScript warning: https://confiant-integrations.global.ssl.fastly.net/gpt/202001101133/wrap.js, line 8: unreachable code after return statement
JavaScript warning: https://confiant-integrations.global.ssl.fastly.net/gpt/202001101133/wrap.js, line 8: unreachable code after return statement
JavaScript warning: https://confiant-integrations.global.ssl.fastly.net/gpt/202001101133/wrap.js, line 8: unreachable code after return statement
JavaScript warning: https://confiant-integrations.global.ssl.fastly.net/gpt/202001101133/wrap.js, line 8: unreachable code after return statement
JavaScript warning: https://confiant-integrations.global.ssl.fastly.net/gpt/202001101133/wrap.js, line 8: unreachable code after return statement
JavaScript warning: https://confiant-integrations.global.ssl.fastly.net/gpt/202001101133/wrap.js, line 8: unreachable code after return statement
JavaScript warning: https://confiant-integrations.global.ssl.fastly.net/gpt/202001101133/wrap.js, line 8: unreachable code after return statement
JavaScript warning: https://confiant-integrations.global.ssl.fastly.net/gpt/202001101133/wrap.js, line 8: unreachable code after return statement
JavaScript warning: https://confiant-integrations.global.ssl.fastly.net/gpt/202001101133/wrap.js, line 8: unreachable code after return statement
JavaScript warning: https://confiant-integrations.global.ssl.fastly.net/gpt/202001101133/wrap.js, line 8: unreachable code after return statement
JavaScript warning: https://confiant-integrations.global.ssl.fastly.net/gpt/202001101133/wrap.js, line 8: unreachable code after return statement
JavaScript error: https://vidstat.taboola.com/vpaid/units/23_2_8/infra/cmTagEXPANDABLE.js, line 2: NS_ERROR_UNEXPECTED: 
JavaScript error: https://vidstat.taboola.com/vpaid/units/23_2_8/infra/cmTagEXPANDABLE.js, line 2: NS_ERROR_UNEXPECTED: 
JavaScript error: https://vidstat.taboola.com/vpaid/units/23_2_8/infra/cmTagEXPANDABLE.js, line 2: NS_ERROR_NOT_INITIALIZED: 
JavaScript error: https://vidstat.taboola.com/vpaid/units/23_2_8/infra/cmTagEXPANDABLE.js, line 2: NS_ERROR_NOT_INITIALIZED: 
JavaScript error: https://vidstat.taboola.com/vpaid/units/23_2_8/infra/cmTagEXPANDABLE.js, line 2: NS_ERROR_NOT_INITIALIZED: 
JavaScript error: https://vidstat.taboola.com/vpaid/units/23_2_8/infra/cmTagEXPANDABLE.js, line 2: NS_ERROR_NOT_INITIALIZED: 
JavaScript error: https://vidstat.taboola.com/vpaid/units/23_2_8/infra/cmTagEXPANDABLE.js, line 2: NS_ERROR_NOT_INITIALIZED: 
JavaScript error: https://vidstat.taboola.com/vpaid/units/23_2_8/infra/cmTagEXPANDABLE.js, line 2: NS_ERROR_NOT_INITIALIZED: 
JavaScript error: https://vidstat.taboola.com/vpaid/units/23_2_8/infra/cmTagEXPANDABLE.js, line 2: NS_ERROR_NOT_INITIALIZED: 
JavaScript error: https://vidstat.taboola.com/vpaid/units/23_2_8/infra/cmTagEXPANDABLE.js, line 2: NS_ERROR_NOT_INITIALIZED: 
JavaScript error: https://vidstat.taboola.com/vpaid/units/23_2_8/infra/cmTagEXPANDABLE.js, line 2: NS_ERROR_NOT_INITIALIZED: 
JavaScript error: https://vidstat.taboola.com/vpaid/units/23_2_8/infra/cmTagEXPANDABLE.js, line 2: NS_ERROR_NOT_INITIALIZED: 
JavaScript error: https://vidstat.taboola.com/vpaid/units/23_2_8/infra/cmTagEXPANDABLE.js, line 2: NS_ERROR_NOT_INITIALIZED: 
JavaScript error: https://vidstat.taboola.com/vpaid/units/23_2_8/infra/cmTagEXPANDABLE.js, line 2: NS_ERROR_NOT_INITIALIZED: 
JavaScript error: https://vidstat.taboola.com/vpaid/units/23_2_8/infra/cmTagEXPANDABLE.js, line 2: NS_ERROR_NOT_INITIALIZED: 
JavaScript error: https://vidstat.taboola.com/vpaid/units/23_2_8/infra/cmTagEXPANDABLE.js, line 2: NS_ERROR_NOT_INITIALIZED: 
JavaScript error: https://vidstat.taboola.com/vpaid/units/23_2_8/infra/cmTagEXPANDABLE.js, line 2: NS_ERROR_NOT_INITIALIZED: 
JavaScript error: https://vidstat.taboola.com/vpaid/units/23_2_8/infra/cmTagEXPANDABLE.js, line 2: NS_ERROR_NOT_INITIALIZED: 
JavaScript error: https://vidstat.taboola.com/vpaid/units/23_2_8/infra/cmTagEXPANDABLE.js, line 2: NS_ERROR_NOT_INITIALIZED: 
JavaScript error: https://vidstat.taboola.com/vpaid/units/23_2_8/infra/cmTagEXPANDABLE.js, line 2: NS_ERROR_NOT_INITIALIZED: 
JavaScript error: https://vidstat.taboola.com/vpaid/units/23_2_8/infra/cmTagEXPANDABLE.js, line 2: NS_ERROR_NOT_INITIALIZED: 
JavaScript error: https://vidstat.taboola.com/vpaid/units/23_2_8/infra/cmTagEXPANDABLE.js, line 2: NS_ERROR_NOT_INITIALIZED: 
JavaScript error: https://vidstat.taboola.com/vpaid/units/23_2_8/infra/cmTagEXPANDABLE.js, line 2: NS_ERROR_NOT_INITIALIZED: 
JavaScript error: https://vidstat.taboola.com/vpaid/units/23_2_8/infra/cmTagEXPANDABLE.js, line 2: NS_ERROR_NOT_INITIALIZED: 
JavaScript error: https://vidstat.taboola.com/vpaid/units/23_2_8/infra/cmTagEXPANDABLE.js, line 2: NS_ERROR_NOT_INITIALIZED: 
JavaScript error: https://vidstat.taboola.com/vpaid/units/23_2_8/infra/cmTagEXPANDABLE.js, line 2: NS_ERROR_NOT_INITIALIZED: 
JavaScript error: https://vidstat.taboola.com/vpaid/units/23_2_8/infra/cmTagEXPANDABLE.js, line 2: NS_ERROR_NOT_INITIALIZED: 
JavaScript error: https://vidstat.taboola.com/vpaid/units/23_2_8/infra/cmTagEXPANDABLE.js, line 2: NS_ERROR_NOT_INITIALIZED: 
JavaScript error: https://vidstat.taboola.com/vpaid/units/23_2_8/infra/cmTagEXPANDABLE.js, line 2: NS_ERROR_NOT_INITIALIZED: 
JavaScript error: https://vidstat.taboola.com/vpaid/units/23_2_8/infra/cmTagEXPANDABLE.js, line 2: NS_ERROR_NOT_INITIALIZED: 
JavaScript error: https://vidstat.taboola.com/vpaid/units/23_2_8/infra/cmTagEXPANDABLE.js, line 2: NS_ERROR_UNEXPECTED: 
JavaScript error: https://vidstat.taboola.com/vpaid/units/23_2_8/infra/cmTagEXPANDABLE.js, line 2: NS_ERROR_UNEXPECTED: 
JavaScript error: resource://gre/modules/XULStore.jsm, line 66: Error: Can't find profile directory.
JavaScript warning: https://clarium.global.ssl.fastly.net/gpt/a/wrap.js?v2_1, line 14: unreachable code after return statement
JavaScript warning: https://clarium.global.ssl.fastly.net/gpt/a/wrap.js?v2_1, line 14: unreachable code after return statement
JavaScript warning: https://clarium.global.ssl.fastly.net/gpt/a/wrap.js?v2_1, line 14: unreachable code after return statement
JavaScript warning: https://clarium.global.ssl.fastly.net/gpt/a/wrap.js?v2_1, line 14: unreachable code after return statement
JavaScript warning: https://clarium.global.ssl.fastly.net/gpt/a/wrap.js?v2_1, line 14: unreachable code after return statement
JavaScript warning: https://clarium.global.ssl.fastly.net/gpt/a/wrap.js?v2_1, line 14: unreachable code after return statement
JavaScript warning: https://clarium.global.ssl.fastly.net/gpt/a/wrap.js?v2_1, line 14: unreachable code after return statement
JavaScript warning: https://clarium.global.ssl.fastly.net/gpt/a/wrap.js?v2_1, line 14: unreachable code after return statement
JavaScript error: https://cdn.nsstatic.net/ns/neoseeker.com.js, line 547: TypeError: NSGPT.loadGPT is not a function
JavaScript error: resource://gre/modules/XULStore.jsm, line 66: Error: Can't find profile directory.
JavaScript error: resource://gre/modules/XULStore.jsm, line 66: Error: Can't find profile directory.
JavaScript error: https://vidstat.taboola.com/vpaid/units/23_2_8/infra/cmTagEXPANDABLE.js, line 2: NS_ERROR_UNEXPECTED: 
JavaScript error: https://vidstat.taboola.com/vpaid/units/23_2_8/infra/cmTagEXPANDABLE.js, line 2: NS_ERROR_UNEXPECTED: 
JavaScript error: https://vidstat.taboola.com/vpaid/units/23_2_8/infra/cmTagEXPANDABLE.js, line 2: NS_ERROR_NOT_INITIALIZED: 
JavaScript error: https://vidstat.taboola.com/vpaid/units/23_2_8/infra/cmTagEXPANDABLE.js, line 2: NS_ERROR_NOT_INITIALIZED: 
JavaScript error: https://vidstat.taboola.com/vpaid/units/23_2_8/infra/cmTagEXPANDABLE.js, line 2: NS_ERROR_NOT_INITIALIZED: 
JavaScript error: https://vidstat.taboola.com/vpaid/units/23_2_8/infra/cmTagEXPANDABLE.js, line 2: NS_ERROR_NOT_INITIALIZED: 
JavaScript error: https://vidstat.taboola.com/vpaid/units/23_2_8/infra/cmTagEXPANDABLE.js, line 2: NS_ERROR_NOT_INITIALIZED: 
JavaScript error: https://vidstat.taboola.com/vpaid/units/23_2_8/infra/cmTagEXPANDABLE.js, line 2: NS_ERROR_NOT_INITIALIZED: 
JavaScript error: https://vidstat.taboola.com/vpaid/units/23_2_8/infra/cmTagEXPANDABLE.js, line 2: NS_ERROR_NOT_INITIALIZED: 
JavaScript error: https://vidstat.taboola.com/vpaid/units/23_2_8/infra/cmTagEXPANDABLE.js, line 2: NS_ERROR_NOT_INITIALIZED: 
JavaScript error: https://vidstat.taboola.com/vpaid/units/23_2_8/infra/cmTagEXPANDABLE.js, line 2: NS_ERROR_NOT_INITIALIZED: 
JavaScript error: https://vidstat.taboola.com/vpaid/units/23_2_8/infra/cmTagEXPANDABLE.js, line 2: NS_ERROR_NOT_INITIALIZED: 
JavaScript error: https://vidstat.taboola.com/vpaid/units/23_2_8/infra/cmTagEXPANDABLE.js, line 2: NS_ERROR_UNEXPECTED: 
JavaScript error: https://vidstat.taboola.com/vpaid/units/23_2_8/infra/cmTagEXPANDABLE.js, line 2: NS_ERROR_UNEXPECTED: 
1588037645103	Marionette	INFO	Stopped listening on port 56918

###!!! [Child][RunMessage] Error: Channel closing: too late to send/recv, messages will be lost


###!!! [Child][MessageChannel::SendAndWait] Error: Channel error: cannot send/recv

1588037651635	mozrunner::runner	INFO	Running command: "C:\\Program Files (x86)\\Mozilla Firefox\\\\firefox.exe" "-marionette" "-foreground" "-no-remote" "-profile" "C:\\Users\\Junqing\\AppData\\Local\\Temp\\rust_mozprofilewNniaC"
1588037652189	addons.webextension.doh-rollout@mozilla.org	WARN	Loading extension 'doh-rollout@mozilla.org': Reading manifest: Invalid extension permission: networkStatus
1588037653712	addons.webextension.screenshots@mozilla.org	WARN	Loading extension 'screenshots@mozilla.org': Reading manifest: Invalid extension permission: mozillaAddons
1588037653712	addons.webextension.screenshots@mozilla.org	WARN	Loading extension 'screenshots@mozilla.org': Reading manifest: Invalid extension permission: telemetry
1588037653712	addons.webextension.screenshots@mozilla.org	WARN	Loading extension 'screenshots@mozilla.org': Reading manifest: Invalid extension permission: resource://pdf.js/
1588037653712	addons.webextension.screenshots@mozilla.org	WARN	Loading extension 'screenshots@mozilla.org': Reading manifest: Invalid extension permission: about:reader*
JavaScript error: resource://gre/modules/XULStore.jsm, line 66: Error: Can't find profile directory.
1588037656298	Marionette	INFO	Listening on port 57499
1588037656365	Marionette	WARN	TLS certificate errors will be ignored for this session
1588037660435	Marionette	INFO	Stopped listening on port 57499
[Child 27768, Chrome_ChildThread] WARNING: pipe error: 232: file Z:/task_1585933993/build/src/ipc/chromium/src/chrome/common/ipc_channel_win.cc, line 514
JavaScript error: resource://gre/modules/UrlClassifierListManager.jsm, line 691: TypeError: this.tablesData[table] is undefined

###!!! [Child][RunMessage] Error: Channel closing: too late to send/recv, messages will be lost


###!!! [Child][MessageChannel::SendAndWait] Error: Channel error: cannot send/recv

1588086707888	mozrunner::runner	INFO	Running command: "C:\\Program Files (x86)\\Mozilla Firefox\\\\firefox.exe" "-marionette" "-foreground" "-no-remote" "-profile" "C:\\Users\\Junqing\\AppData\\Local\\Temp\\rust_mozprofilejzM35x"
1588086708469	addons.webextension.doh-rollout@mozilla.org	WARN	Loading extension 'doh-rollout@mozilla.org': Reading manifest: Invalid extension permission: networkStatus
1588086710300	addons.webextension.screenshots@mozilla.org	WARN	Loading extension 'screenshots@mozilla.org': Reading manifest: Invalid extension permission: mozillaAddons
1588086710300	addons.webextension.screenshots@mozilla.org	WARN	Loading extension 'screenshots@mozilla.org': Reading manifest: Invalid extension permission: telemetry
1588086710300	addons.webextension.screenshots@mozilla.org	WARN	Loading extension 'screenshots@mozilla.org': Reading manifest: Invalid extension permission: resource://pdf.js/
1588086710300	addons.webextension.screenshots@mozilla.org	WARN	Loading extension 'screenshots@mozilla.org': Reading manifest: Invalid extension permission: about:reader*
JavaScript error: resource://gre/modules/XULStore.jsm, line 66: Error: Can't find profile directory.
1588086713118	Marionette	INFO	Listening on port 62954
1588086713604	Marionette	WARN	TLS certificate errors will be ignored for this session
JavaScript warning: https://confiant-integrations.global.ssl.fastly.net/gpt/202001101133/wrap.js, line 8: unreachable code after return statement
JavaScript warning: https://confiant-integrations.global.ssl.fastly.net/gpt/202001101133/wrap.js, line 8: unreachable code after return statement
JavaScript warning: https://confiant-integrations.global.ssl.fastly.net/gpt/202001101133/wrap.js, line 8: unreachable code after return statement
JavaScript warning: https://confiant-integrations.global.ssl.fastly.net/gpt/202001101133/wrap.js, line 8: unreachable code after return statement
JavaScript warning: https://confiant-integrations.global.ssl.fastly.net/gpt/202001101133/wrap.js, line 8: unreachable code after return statement
JavaScript warning: https://confiant-integrations.global.ssl.fastly.net/gpt/202001101133/wrap.js, line 8: unreachable code after return statement
JavaScript warning: https://confiant-integrations.global.ssl.fastly.net/gpt/202001101133/wrap.js, line 8: unreachable code after return statement
JavaScript warning: https://confiant-integrations.global.ssl.fastly.net/gpt/202001101133/wrap.js, line 8: unreachable code after return statement
JavaScript warning: https://confiant-integrations.global.ssl.fastly.net/gpt/202001101133/wrap.js, line 8: unreachable code after return statement
JavaScript warning: https://confiant-integrations.global.ssl.fastly.net/gpt/202001101133/wrap.js, line 8: unreachable code after return statement
JavaScript warning: https://confiant-integrations.global.ssl.fastly.net/gpt/202001101133/wrap.js, line 8: unreachable code after return statement
JavaScript warning: https://confiant-integrations.global.ssl.fastly.net/gpt/202001101133/wrap.js, line 8: unreachable code after return statement
JavaScript warning: https://confiant-integrations.global.ssl.fastly.net/gpt/202001101133/wrap.js, line 8: unreachable code after return statement
JavaScript warning: https://confiant-integrations.global.ssl.fastly.net/gpt/202001101133/wrap.js, line 8: unreachable code after return statement
1588086728634	Marionette	INFO	Stopped listening on port 62954

###!!! [Child][RunMessage] Error: Channel closing: too late to send/recv, messages will be lost


###!!! [Child][MessageChannel::SendAndWait] Error: Channel error: cannot send/recv

